<?xml version="1.0" encoding="UTF-8"?>
<testng-results ignored="0" total="1" passed="1" failed="0" skipped="0">
  <reporter-output>
  </reporter-output>
  <suite started-at="2022-09-06T16:16:50 EDT" name="Default suite" finished-at="2022-09-06T16:17:08 EDT" duration-ms="17544">
    <groups>
    </groups>
    <test started-at="2022-09-06T16:16:50 EDT" name="Default test" finished-at="2022-09-06T16:17:08 EDT" duration-ms="17544">
      <class name="TestCases.HomePageTest">
        <test-method is-config="true" signature="setBrowser()[pri:0, instance:TestCases.HomePageTest@14cd1699]" started-at="2022-09-06T16:16:50 EDT" name="setBrowser" finished-at="2022-09-06T16:17:03 EDT" duration-ms="12830" status="PASS">
          <reporter-output>
          </reporter-output>
        </test-method> <!-- setBrowser -->
        <test-method signature="searchBox_enterValidItemTest()[pri:0, instance:TestCases.HomePageTest@14cd1699]" started-at="2022-09-06T16:17:03 EDT" name="searchBox_enterValidItemTest" finished-at="2022-09-06T16:17:05 EDT" duration-ms="2101" status="PASS">
          <reporter-output>
          </reporter-output>
        </test-method> <!-- searchBox_enterValidItemTest -->
        <test-method is-config="true" signature="tearDown()[pri:0, instance:TestCases.HomePageTest@14cd1699]" started-at="2022-09-06T16:17:05 EDT" name="tearDown" finished-at="2022-09-06T16:17:08 EDT" duration-ms="2571" status="PASS">
          <reporter-output>
          </reporter-output>
        </test-method> <!-- tearDown -->
      </class> <!-- TestCases.HomePageTest -->
    </test> <!-- Default test -->
  </suite> <!-- Default suite -->
</testng-results>
